
Path c:\quantifi\nightlybatch\20101105 is created


 Value date: 11/5/2010 12:00:00 AM


--------------------------------------------------------------------------
Log date: 08 Nov 2010 18:29:02 | Valuation date: 05 Nov 2010 | v1.2.24.0
--------------------------------------------------------------------------


Root Folder is: c:\quantifi\nightlybatch\20101105


Need to send MARS files, processing...

MARS Trade files not found in this location: 
c:\quantifi\nightlybatch\20101105\reports\quantifi_mars_trade.txt


 Value date: 11/5/2010 12:00:00 AM


--------------------------------------------------------------------------
Log date: 08 Nov 2010 18:33:13 | Valuation date: 05 Nov 2010 | v1.2.24.0
--------------------------------------------------------------------------


Root Folder is: c:\quantifi\nightlybatch\20101105


Need to send MARS files, processing...

MARS Trade files not found in this location: 
c:\quantifi\nightlybatch\20101105\reports\quantifi_mars_trade.txt


 Value date: 11/5/2010 12:00:00 AM


--------------------------------------------------------------------------
Log date: 08 Nov 2010 18:37:29 | Valuation date: 05 Nov 2010 | v1.2.24.0
--------------------------------------------------------------------------


Root Folder is: c:\quantifi\nightlybatch\20101105


Need to send MARS files, processing...

MARS Trade files not found in this location: 
c:\quantifi\nightlybatch\20101105\reports\quantifi_mars_trade.txt

